<?xml version="1.0" encoding="UTF-8"?>
<!-- Generated by org.testng.reporters.JUnitReportReporter -->
<testsuite skipped="0" hostname="DESKTOP-U7VLMS4" name="test1.NewTest" tests="4" failures="0" timestamp="2021-12-28T09:42:51 IST" time="37.585" errors="0">
  <testcase name="openBrowser" time="31.097" classname="test1.NewTest"/>
  <system-out/>
  <testcase name="launchGoogle" time="1.053" classname="test1.NewTest"/>
  <system-out/>
  <testcase name="peformSeachAndClick1stLink" time="4.059" classname="test1.NewTest"/>
  <system-out/>
  <testcase name="FaceBookPageTitleVerification" time="1.376" classname="test1.NewTest"/>
  <system-out/>
</testsuite> <!-- test1.NewTest -->
