<?xml version="1.0" encoding="UTF-8"?>
<!-- Generated by org.testng.reporters.JUnitReportReporter -->
<testsuite skipped="0" hostname="DESKTOP-U7VLMS4" name="test1.NewTest" tests="4" failures="0" timestamp="2021-12-24T15:55:06 IST" time="47.588" errors="0">
  <testcase name="openBrowser" time="36.277" classname="test1.NewTest"/>
  <system-out/>
  <testcase name="launchGoogle" time="1.425" classname="test1.NewTest"/>
  <system-out/>
  <testcase name="peformSeachAndClick1stLink" time="5.289" classname="test1.NewTest"/>
  <system-out/>
  <testcase name="FaceBookPageTitleVerification" time="4.597" classname="test1.NewTest"/>
  <system-out/>
</testsuite> <!-- test1.NewTest -->
